[	09-09-2020 19:38:42	] [BAN ACTION] A new ban record has been added. Player: 'LikeALord' was banned by 'BlackZon' for 'Teste
Your ban id: 3c7a6ac7-cd7d-4cf0-b698-a21c4a8656a6' until '01/01/3000 00:00:00'.
[	09-09-2020 19:39:38	] [BAN ACTION] The following ban record has been removed (player unbanned). [Player: LikeALord was banned by BlackZon for Teste
Your ban id: 3c7a6ac7-cd7d-4cf0-b698-a21c4a8656a6 until 01/01/3000 00:00:00.]
[	09-09-2020 20:25:37	] [BAN ACTION] A new ban record has been added. Player: 'lil T0maz' was banned by 'SoF' for 'Banned by staff.1
Your ban id: 19d4994c-138e-4fa4-93bd-6212489f9719' until '01/01/3000 00:00:00'.
[	11-09-2020 19:02:28	] [BAN ACTION] A new ban record has been added. Player: 'yuqii' was banned by 'LikeALord' for 'Banned by staff.ban
Your ban id: eeeba6d3-c573-4697-ad2e-29e8b1d4e828' until '01/01/3000 00:00:00'.
[	11-09-2020 19:02:30	] [BAN ACTION] A new ban record has been added. Player: 'InvalidPlayerName' was banned by 'LikeALord' for 'Banned by staff.ban
Your ban id: 8351b33d-4772-4001-b606-e8c2c0ce89c1' until '01/01/3000 00:00:00'.
[	11-09-2020 19:02:38	] [BAN ACTION] A new ban record has been added. Player: '"Key-Drop.com" FriZzy' was banned by 'LikeALord' for 'Banned by staff.ban
Your ban id: f18e6a0e-e343-4a23-8868-da68584dfa00' until '01/01/3000 00:00:00'.
[	12-09-2020 17:16:59	] [BAN ACTION] A new ban record has been added. Player: '8  :.Yeet' was banned by 'TC' for 'Banned by staff.
Your ban id: d4ef0ed4-3b50-4bf6-92dd-7e8a2fff79e0' until '01/01/3000 00:00:00'.
[	12-09-2020 21:15:08	] [BAN ACTION] A new ban record has been added. Player: 'Klizy' was banned by 'Meireles' for 'Banned by staff.
Your ban id: 65647653-d4d3-4353-90ce-1156c253f84f' until '01/01/3000 00:00:00'.
[	13-09-2020 17:19:54	] [KICK ACTION] Player: LikeALord has kicked: maxvolynets for: You have been kicked. Reason: Estas bugando volta a entrar!.
[	19-09-2020 19:43:52	] [BAN ACTION] A new ban record has been added. Player: 'MARTA DA TELESEGUROS' was banned by 'Meireles' for 'Banned by staff.
Your ban id: c7c8808e-9d18-4424-9487-8143ebcf4b47' until '01/01/3000 00:00:00'.
[	19-09-2020 19:49:37	] [BAN ACTION] The following ban record has been removed (player unbanned). [Player: MARTA DA TELESEGUROS was banned by Meireles for Banned by staff.
Your ban id: c7c8808e-9d18-4424-9487-8143ebcf4b47 until 01/01/3000 00:00:00.]
[	19-09-2020 19:59:13	] [BAN ACTION] A new ban record has been added. Player: 'SKIP_TIRA_NODOAS' was banned by 'Meireles' for 'Banned by staff.
Your ban id: 9616ad99-4d74-47c6-ac71-00f9f2def613' until '01/01/3000 00:00:00'.
[	20-09-2020 14:20:51	] [KICK ACTION] Player: ⚡ has kicked: ☁ᴊᵘ6ⁿᵈ1 ☁ for: You have been kicked. Reason: Arranja o mic!.
